2020-01-19 09:41:11.783  INFO 2659 --- [main] com.bp.act.ActApplication                : The following profiles are active: dev
2020-01-19 09:41:11.809  INFO 2659 --- [main] ConfigServletWebServerApplicationContext : Refreshing org.springframework.boot.web.servlet.context.AnnotationConfigServletWebServerApplicationContext@e041f0c: startup date [Sun Jan 19 09:41:11 CST 2020]; parent: org.springframework.context.annotation.AnnotationConfigApplicationContext@258d79be
2020-01-19 09:41:13.467  INFO 2659 --- [main] o.s.cloud.context.scope.GenericScope     : BeanFactory id=78ecf58d-65ad-3f1c-8d0f-8d76c938d7f3
2020-01-19 09:41:13.501  INFO 2659 --- [main] f.a.AutowiredAnnotationBeanPostProcessor : JSR-330 'javax.inject.Inject' annotation found and supported for autowiring
2020-01-19 09:41:13.645  INFO 2659 --- [main] trationDelegate$BeanPostProcessorChecker : Bean 'org.springframework.transaction.annotation.ProxyTransactionManagementConfiguration' of type [org.springframework.transaction.annotation.ProxyTransactionManagementConfiguration$$EnhancerBySpringCGLIB$$74090544] is not eligible for getting processed by all BeanPostProcessors (for example: not eligible for auto-proxying)
2020-01-19 09:41:13.692  INFO 2659 --- [main] trationDelegate$BeanPostProcessorChecker : Bean 'org.springframework.security.config.annotation.configuration.ObjectPostProcessorConfiguration' of type [org.springframework.security.config.annotation.configuration.ObjectPostProcessorConfiguration$$EnhancerBySpringCGLIB$$cb6cd7e] is not eligible for getting processed by all BeanPostProcessors (for example: not eligible for auto-proxying)
2020-01-19 09:41:13.702  INFO 2659 --- [main] trationDelegate$BeanPostProcessorChecker : Bean 'objectPostProcessor' of type [org.springframework.security.config.annotation.configuration.AutowireBeanFactoryObjectPostProcessor] is not eligible for getting processed by all BeanPostProcessors (for example: not eligible for auto-proxying)
2020-01-19 09:41:13.707  INFO 2659 --- [main] trationDelegate$BeanPostProcessorChecker : Bean 'org.springframework.security.access.expression.method.DefaultMethodSecurityExpressionHandler@411cd156' of type [org.springframework.security.oauth2.provider.expression.OAuth2MethodSecurityExpressionHandler] is not eligible for getting processed by all BeanPostProcessors (for example: not eligible for auto-proxying)
2020-01-19 09:41:13.719  INFO 2659 --- [main] trationDelegate$BeanPostProcessorChecker : Bean 'org.springframework.security.config.annotation.method.configuration.GlobalMethodSecurityConfiguration' of type [org.springframework.security.config.annotation.method.configuration.GlobalMethodSecurityConfiguration$$EnhancerBySpringCGLIB$$318b7030] is not eligible for getting processed by all BeanPostProcessors (for example: not eligible for auto-proxying)
2020-01-19 09:41:13.727  INFO 2659 --- [main] trationDelegate$BeanPostProcessorChecker : Bean 'methodSecurityMetadataSource' of type [org.springframework.security.access.method.DelegatingMethodSecurityMetadataSource] is not eligible for getting processed by all BeanPostProcessors (for example: not eligible for auto-proxying)
2020-01-19 09:41:13.742  INFO 2659 --- [main] trationDelegate$BeanPostProcessorChecker : Bean 'org.springframework.cloud.autoconfigure.ConfigurationPropertiesRebinderAutoConfiguration' of type [org.springframework.cloud.autoconfigure.ConfigurationPropertiesRebinderAutoConfiguration$$EnhancerBySpringCGLIB$$90230841] is not eligible for getting processed by all BeanPostProcessors (for example: not eligible for auto-proxying)
2020-01-19 09:41:14.183  INFO 2659 --- [main] o.s.b.w.embedded.tomcat.TomcatWebServer  : Tomcat initialized with port(s): 9012 (http)
2020-01-19 09:41:14.208  INFO 2659 --- [main] o.apache.catalina.core.StandardService   : Starting service [Tomcat]
2020-01-19 09:41:14.208  INFO 2659 --- [main] org.apache.catalina.core.StandardEngine  : Starting Servlet Engine: Apache Tomcat/8.5.32
2020-01-19 09:41:14.213  INFO 2659 --- [localhost-startStop-1] o.a.catalina.core.AprLifecycleListener   : The APR based Apache Tomcat Native library which allows optimal performance in production environments was not found on the java.library.path: [/Users/zxk/Library/Java/Extensions:/Library/Java/Extensions:/Network/Library/Java/Extensions:/System/Library/Java/Extensions:/usr/lib/java:.]
2020-01-19 09:41:14.431  INFO 2659 --- [localhost-startStop-1] o.a.c.c.C.[Tomcat].[localhost].[/]       : Initializing Spring embedded WebApplicationContext
2020-01-19 09:41:14.432  INFO 2659 --- [localhost-startStop-1] o.s.web.context.ContextLoader            : Root WebApplicationContext: initialization completed in 2623 ms
2020-01-19 09:41:14.666  WARN 2659 --- [localhost-startStop-1] c.n.c.sources.URLConfigurationSource     : No URLs will be polled as dynamic configuration sources.
2020-01-19 09:41:14.667  INFO 2659 --- [localhost-startStop-1] c.n.c.sources.URLConfigurationSource     : To enable URLs as dynamic configuration sources, define System property archaius.configurationSource.additionalUrls or make config.properties available on classpath.
2020-01-19 09:41:14.675  INFO 2659 --- [localhost-startStop-1] c.netflix.config.DynamicPropertyFactory  : DynamicPropertyFactory is initialized with configuration sources: com.netflix.config.ConcurrentCompositeConfiguration@33b186c3
2020-01-19 09:41:15.857  INFO 2659 --- [localhost-startStop-1] o.s.b.w.servlet.FilterRegistrationBean   : Mapping filter: 'characterEncodingFilter' to: [/*]
2020-01-19 09:41:15.858  INFO 2659 --- [localhost-startStop-1] o.s.b.w.servlet.FilterRegistrationBean   : Mapping filter: 'webMvcMetricsFilter' to: [/*]
2020-01-19 09:41:15.858  INFO 2659 --- [localhost-startStop-1] o.s.b.w.servlet.FilterRegistrationBean   : Mapping filter: 'hiddenHttpMethodFilter' to: [/*]
2020-01-19 09:41:15.858  INFO 2659 --- [localhost-startStop-1] o.s.b.w.servlet.FilterRegistrationBean   : Mapping filter: 'httpPutFormContentFilter' to: [/*]
2020-01-19 09:41:15.858  INFO 2659 --- [localhost-startStop-1] o.s.b.w.servlet.FilterRegistrationBean   : Mapping filter: 'requestContextFilter' to: [/*]
2020-01-19 09:41:15.859  INFO 2659 --- [localhost-startStop-1] .s.DelegatingFilterProxyRegistrationBean : Mapping filter: 'springSecurityFilterChain' to: [/*]
2020-01-19 09:41:15.859  INFO 2659 --- [localhost-startStop-1] o.s.b.w.servlet.FilterRegistrationBean   : Mapping filter: 'httpTraceFilter' to: [/*]
2020-01-19 09:41:15.859  INFO 2659 --- [localhost-startStop-1] o.s.b.w.servlet.ServletRegistrationBean  : Servlet dispatcherServlet mapped to [/]
2020-01-19 09:41:16.378  INFO 2659 --- [main] o.s.s.concurrent.ThreadPoolTaskExecutor  : Initializing ExecutorService  'taskExecutor'
2020-01-19 09:41:16.536  INFO 2659 --- [main] com.alibaba.druid.pool.DruidDataSource   : {dataSource-1} inited
2020-01-19 09:41:17.378  INFO 2659 --- [main] o.a.engine.impl.ProcessEngineImpl        : ProcessEngine default created
2020-01-19 09:41:17.381  INFO 2659 --- [main] o.a.e.i.a.AbstractAsyncJobExecutor       : Starting up the default async job executor [org.activiti.spring.SpringAsyncExecutor].
2020-01-19 09:41:17.382  INFO 2659 --- [Thread-20] o.a.e.i.a.AcquireTimerJobsRunnable       : starting to acquire async jobs due
2020-01-19 09:41:17.382  INFO 2659 --- [Thread-21] o.a.e.i.a.AcquireAsyncJobsDueRunnable    : starting to acquire async jobs due
2020-01-19 09:41:17.526  INFO 2659 --- [main] s.c.a.AnnotationConfigApplicationContext : Refreshing FeignContext-sys: startup date [Sun Jan 19 09:41:17 CST 2020]; parent: org.springframework.boot.web.servlet.context.AnnotationConfigServletWebServerApplicationContext@e041f0c
2020-01-19 09:41:17.542  INFO 2659 --- [main] f.a.AutowiredAnnotationBeanPostProcessor : JSR-330 'javax.inject.Inject' annotation found and supported for autowiring
2020-01-19 09:41:17.819  INFO 2659 --- [main] s.c.a.AnnotationConfigApplicationContext : Refreshing FeignContext-file: startup date [Sun Jan 19 09:41:17 CST 2020]; parent: org.springframework.boot.web.servlet.context.AnnotationConfigServletWebServerApplicationContext@e041f0c
2020-01-19 09:41:17.844  INFO 2659 --- [main] f.a.AutowiredAnnotationBeanPostProcessor : JSR-330 'javax.inject.Inject' annotation found and supported for autowiring
2020-01-19 09:41:18.193  INFO 2659 --- [main] .s.s.UserDetailsServiceAutoConfiguration : 

Using generated security password: 088cf638-9e0f-490a-a7ca-610ea690be0b

2020-01-19 09:41:18.478  INFO 2659 --- [main] o.s.s.web.DefaultSecurityFilterChain     : Creating filter chain: org.springframework.security.web.util.matcher.AnyRequestMatcher@1, [org.springframework.security.web.context.request.async.WebAsyncManagerIntegrationFilter@4c6fc3e7, org.springframework.security.web.context.SecurityContextPersistenceFilter@7402c49f, org.springframework.security.web.header.HeaderWriterFilter@38826984, org.springframework.security.web.authentication.logout.LogoutFilter@75f32817, org.springframework.security.oauth2.provider.authentication.OAuth2AuthenticationProcessingFilter@4e951fb1, org.springframework.security.web.authentication.www.BasicAuthenticationFilter@97beeaf, org.springframework.security.web.savedrequest.RequestCacheAwareFilter@2382b2f, org.springframework.security.web.servletapi.SecurityContextHolderAwareRequestFilter@5f1f0ee6, org.springframework.security.web.authentication.AnonymousAuthenticationFilter@aa8dce8, org.springframework.security.web.session.SessionManagementFilter@76b05c0, org.springframework.security.web.access.ExceptionTranslationFilter@38848217, org.springframework.security.web.access.intercept.FilterSecurityInterceptor@6aaa678d]
2020-01-19 09:41:18.539  WARN 2659 --- [main] c.n.c.sources.URLConfigurationSource     : No URLs will be polled as dynamic configuration sources.
2020-01-19 09:41:18.539  INFO 2659 --- [main] c.n.c.sources.URLConfigurationSource     : To enable URLs as dynamic configuration sources, define System property archaius.configurationSource.additionalUrls or make config.properties available on classpath.
2020-01-19 09:41:18.885  INFO 2659 --- [main] o.s.w.s.handler.SimpleUrlHandlerMapping  : Mapped URL path [/**/favicon.ico] onto handler of type [class org.springframework.web.servlet.resource.ResourceHttpRequestHandler]
2020-01-19 09:41:19.134  INFO 2659 --- [main] s.w.s.m.m.a.RequestMappingHandlerAdapter : Looking for @ControllerAdvice: org.springframework.boot.web.servlet.context.AnnotationConfigServletWebServerApplicationContext@e041f0c: startup date [Sun Jan 19 09:41:11 CST 2020]; parent: org.springframework.context.annotation.AnnotationConfigApplicationContext@258d79be
2020-01-19 09:41:19.199  INFO 2659 --- [main] s.w.s.m.m.a.RequestMappingHandlerMapping : Mapped "{[/actBpmnRecord/{id}],methods=[GET]}" onto public com.bp.act.bean.ReturnBean<com.bp.act.entity.ActBpmnRecord> com.bp.act.controller.ActBpmnRecordController.update(java.lang.Integer)
2020-01-19 09:41:19.200  INFO 2659 --- [main] s.w.s.m.m.a.RequestMappingHandlerMapping : Mapped "{[/actBpmnRecord],methods=[PUT]}" onto public com.bp.act.bean.ReturnBean com.bp.act.controller.ActBpmnRecordController.update(com.bp.act.entity.ActBpmnRecord)
2020-01-19 09:41:19.200  INFO 2659 --- [main] s.w.s.m.m.a.RequestMappingHandlerMapping : Mapped "{[/actBpmnRecord/{key}],methods=[DELETE]}" onto public com.bp.act.bean.ReturnBean com.bp.act.controller.ActBpmnRecordController.delete(java.lang.String)
2020-01-19 09:41:19.201  INFO 2659 --- [main] s.w.s.m.m.a.RequestMappingHandlerMapping : Mapped "{[/actBpmnRecord/list],methods=[GET]}" onto public com.bp.act.bean.ReturnBean<java.util.List<com.bp.act.entity.ActBpmnRecord>> com.bp.act.controller.ActBpmnRecordController.list(java.util.Map)
2020-01-19 09:41:19.201  INFO 2659 --- [main] s.w.s.m.m.a.RequestMappingHandlerMapping : Mapped "{[/actBpmnRecord],methods=[POST]}" onto public com.bp.act.bean.ReturnBean com.bp.act.controller.ActBpmnRecordController.insert(com.bp.act.entity.ActBpmnRecord)
2020-01-19 09:41:19.201  INFO 2659 --- [main] s.w.s.m.m.a.RequestMappingHandlerMapping : Mapped "{[/actBpmnRecord/findByKey/{key}],methods=[GET]}" onto public com.bp.act.bean.ReturnBean<com.bp.act.entity.ActBpmnRecord> com.bp.act.controller.ActBpmnRecordController.findByKey(java.lang.String)
2020-01-19 09:41:19.202  INFO 2659 --- [main] s.w.s.m.m.a.RequestMappingHandlerMapping : Mapped "{[/delete/{key}],methods=[DELETE]}" onto public com.bp.act.bean.ReturnBean com.bp.act.controller.ActDefiController.delete(java.lang.String)
2020-01-19 09:41:19.203  INFO 2659 --- [main] s.w.s.m.m.a.RequestMappingHandlerMapping : Mapped "{[/delopy],methods=[GET]}" onto public com.bp.act.bean.ReturnBean com.bp.act.controller.ActDefiController.delopy(java.util.Map<java.lang.String, java.lang.Object>) throws java.io.FileNotFoundException
2020-01-19 09:41:19.203  INFO 2659 --- [main] s.w.s.m.m.a.RequestMappingHandlerMapping : Mapped "{[/ingnore/startProcess],methods=[POST]}" onto public com.bp.act.bean.ReturnBean com.bp.act.controller.ActDefiController.startProcess(java.util.Map<java.lang.String, java.lang.Object>)
2020-01-19 09:41:19.203  INFO 2659 --- [main] s.w.s.m.m.a.RequestMappingHandlerMapping : Mapped "{[/ingnore/finishTest],methods=[GET]}" onto public com.bp.act.bean.ReturnBean com.bp.act.controller.ActDefiController.finishTest(java.lang.String)
2020-01-19 09:41:19.205  INFO 2659 --- [main] s.w.s.m.m.a.RequestMappingHandlerMapping : Mapped "{[/actFinishTask],methods=[PUT]}" onto public com.bp.act.bean.ReturnBean com.bp.act.controller.ActFinishTaskController.update(com.bp.act.entity.ActFinishTask)
2020-01-19 09:41:19.205  INFO 2659 --- [main] s.w.s.m.m.a.RequestMappingHandlerMapping : Mapped "{[/actFinishTask],methods=[DELETE]}" onto public com.bp.act.bean.ReturnBean com.bp.act.controller.ActFinishTaskController.delete(java.lang.String)
2020-01-19 09:41:19.205  INFO 2659 --- [main] s.w.s.m.m.a.RequestMappingHandlerMapping : Mapped "{[/actFinishTask/list],methods=[GET]}" onto public com.bp.act.bean.ReturnBean<java.util.List<com.bp.act.entity.ActFinishTask>> com.bp.act.controller.ActFinishTaskController.list(java.util.Map)
2020-01-19 09:41:19.206  INFO 2659 --- [main] s.w.s.m.m.a.RequestMappingHandlerMapping : Mapped "{[/actFinishTask],methods=[POST]}" onto public com.bp.act.bean.ReturnBean com.bp.act.controller.ActFinishTaskController.insert(com.bp.act.entity.ActFinishTask)
2020-01-19 09:41:19.206  INFO 2659 --- [main] s.w.s.m.m.a.RequestMappingHandlerMapping : Mapped "{[/actFinishTask/{id}],methods=[GET]}" onto public com.bp.act.bean.ReturnBean<com.bp.act.entity.ActFinishTask> com.bp.act.controller.ActFinishTaskController.getByUuid(java.lang.Integer)
2020-01-19 09:41:19.206  INFO 2659 --- [main] s.w.s.m.m.a.RequestMappingHandlerMapping : Mapped "{[/actFinishTask/workflow/actFinishTask/getRecordByPid/{pid}],methods=[GET]}" onto public com.bp.act.bean.ReturnBean<java.util.List<com.bp.act.entity.ActFinishTask>> com.bp.act.controller.ActFinishTaskController.getRecordByPid(java.lang.String)
2020-01-19 09:41:19.206  INFO 2659 --- [main] s.w.s.m.m.a.RequestMappingHandlerMapping : Mapped "{[/actFinishTask/workflow/actFinishTask/selectFinallyTaskByPid/{pid}],methods=[GET]}" onto public com.bp.act.bean.ReturnBean<java.util.List<com.bp.act.entity.ActFinishTask>> com.bp.act.controller.ActFinishTaskController.selectFinallyTaskByPid(java.lang.String)
2020-01-19 09:41:19.207  INFO 2659 --- [main] s.w.s.m.m.a.RequestMappingHandlerMapping : Mapped "{[/workflow/process/findByKey],methods=[POST]}" onto public com.bp.act.bean.ReturnBean<java.util.List<com.bp.act.entity.process.ActUserTask>> com.bp.act.controller.ActUserTaskController.findByKey(java.lang.String)
2020-01-19 09:41:19.208  INFO 2659 --- [main] s.w.s.m.m.a.RequestMappingHandlerMapping : Mapped "{[/workflow/process/selectListProef],methods=[POST]}" onto public com.bp.act.bean.ReturnBean<java.util.Map<java.lang.String, java.lang.Object>> com.bp.act.controller.ActUserTaskController.selectListProef(java.util.Map)
2020-01-19 09:41:19.208  INFO 2659 --- [main] s.w.s.m.m.a.RequestMappingHandlerMapping : Mapped "{[/workflow/process/loadProcess],methods=[POST]}" onto public com.bp.act.bean.ReturnBean com.bp.act.controller.ActUserTaskController.loadProcess(java.lang.String)
2020-01-19 09:41:19.208  INFO 2659 --- [main] s.w.s.m.m.a.RequestMappingHandlerMapping : Mapped "{[/workflow/process/updateUserId],methods=[POST]}" onto public com.bp.act.bean.ReturnBean com.bp.act.controller.ActUserTaskController.updateUserId(java.util.List<com.bp.act.entity.process.ActUserTask>)
2020-01-19 09:41:19.209  INFO 2659 --- [main] s.w.s.m.m.a.RequestMappingHandlerMapping : Mapped "{[/findByPkeyAndTaskKey/{pKey}/{taskKey}],methods=[GET]}" onto public com.bp.act.bean.ReturnBean<com.bp.act.entity.process.ActUserTask> com.bp.act.controller.ActUserTaskController.findByPkeyAndTaskKey(java.lang.String,java.lang.String)
2020-01-19 09:41:19.214  INFO 2659 --- [main] s.w.s.m.m.a.RequestMappingHandlerMapping : Mapped "{[/myTask/getTasksSize],methods=[GET]}" onto public com.bp.act.bean.ReturnBean<java.util.Map<java.lang.String, java.lang.String>> com.bp.act.controller.MyTaskController.todolist()
2020-01-19 09:41:19.214  INFO 2659 --- [main] s.w.s.m.m.a.RequestMappingHandlerMapping : Mapped "{[/myTask/todoList],methods=[GET]}" onto public com.bp.act.bean.ReturnBean<java.util.List<com.bp.act.entity.online.Workbench>> com.bp.act.controller.MyTaskController.todoList(java.util.Map<java.lang.String, java.lang.Object>)
2020-01-19 09:41:19.214  INFO 2659 --- [main] s.w.s.m.m.a.RequestMappingHandlerMapping : Mapped "{[/myTask/handleTask],methods=[POST]}" onto public com.bp.act.bean.ReturnBean com.bp.act.controller.MyTaskController.handleTask(java.util.Map)
2020-01-19 09:41:19.214  INFO 2659 --- [main] s.w.s.m.m.a.RequestMappingHandlerMapping : Mapped "{[/myTask/betchHandleTask],methods=[POST]}" onto public com.bp.act.bean.ReturnBean com.bp.act.controller.MyTaskController.betchHandleTask(java.util.Map)
2020-01-19 09:41:19.214  INFO 2659 --- [main] s.w.s.m.m.a.RequestMappingHandlerMapping : Mapped "{[/myTask/getBaseURLByKey],methods=[GET]}" onto public java.lang.String com.bp.act.controller.MyTaskController.getBaseURLByKey(java.lang.String)
2020-01-19 09:41:19.215  INFO 2659 --- [main] s.w.s.m.m.a.RequestMappingHandlerMapping : Mapped "{[/myTask/selectHistoryList/{pid}],methods=[GET]}" onto public com.bp.act.bean.ReturnBean<java.util.Map<java.lang.String, java.lang.Object>> com.bp.act.controller.MyTaskController.selectHistoryList(java.lang.String)
2020-01-19 09:41:19.215  INFO 2659 --- [main] s.w.s.m.m.a.RequestMappingHandlerMapping : Mapped "{[/myTask/getLineName/{taskId}],methods=[GET]}" onto public com.bp.act.bean.ReturnBean<java.util.List<java.lang.String>> com.bp.act.controller.MyTaskController.getLineName(java.lang.String)
2020-01-19 09:41:19.215  INFO 2659 --- [main] s.w.s.m.m.a.RequestMappingHandlerMapping : Mapped "{[/myTask/findNextTaskInfo/{pid}/{taskId}],methods=[GET]}" onto public com.bp.act.bean.ReturnBean<java.util.List<com.bp.act.entity.NextTaskInfo>> com.bp.act.controller.MyTaskController.findNextTaskInfo(java.lang.String,java.lang.String)
2020-01-19 09:41:19.216  INFO 2659 --- [main] s.w.s.m.m.a.RequestMappingHandlerMapping : Mapped "{[/myTask/rollBackToAssgin]}" onto public void com.bp.act.controller.MyTaskController.rollBackToAssignWoekFlow(java.lang.String,java.lang.String)
2020-01-19 09:41:19.216  INFO 2659 --- [main] s.w.s.m.m.a.RequestMappingHandlerMapping : Mapped "{[/myTask/getFlowNode/{pid}],methods=[GET]}" onto public void com.bp.act.controller.MyTaskController.getFlowNode(java.lang.String)
2020-01-19 09:41:19.216  INFO 2659 --- [main] s.w.s.m.m.a.RequestMappingHandlerMapping : Mapped "{[/myTask/findFinishTaskByPid/{pid}],methods=[GET]}" onto public com.bp.act.bean.ReturnBean<java.util.List<java.util.Map<java.lang.String, java.lang.Object>>> com.bp.act.controller.MyTaskController.findFinishTaskByPid(java.lang.String)
2020-01-19 09:41:19.216  INFO 2659 --- [main] s.w.s.m.m.a.RequestMappingHandlerMapping : Mapped "{[/myTask/getHandleText/{pid}],methods=[GET]}" onto public com.bp.act.bean.ReturnBean<java.util.List<java.util.Map<java.lang.String, java.lang.Object>>> com.bp.act.controller.MyTaskController.getHandleText(java.lang.String)
2020-01-19 09:41:19.217  INFO 2659 --- [main] s.w.s.m.m.a.RequestMappingHandlerMapping : Mapped "{[/myTask/getAllActivitiId/{pid}],methods=[GET]}" onto public com.bp.act.bean.ReturnBean<java.util.List<java.util.Map<java.lang.String, java.lang.Object>>> com.bp.act.controller.MyTaskController.getAllActivitiId(java.lang.String)
2020-01-19 09:41:19.217  INFO 2659 --- [main] s.w.s.m.m.a.RequestMappingHandlerMapping : Mapped "{[/myTask/getNextTaskInfo/{taskId}],methods=[GET]}" onto public com.bp.act.bean.ReturnBean com.bp.act.controller.MyTaskController.getNextTaskInfo(java.lang.String)
2020-01-19 09:41:19.217  INFO 2659 --- [main] s.w.s.m.m.a.RequestMappingHandlerMapping : Mapped "{[/ingnore/getProInsStartInfoByPid/{pid}],methods=[GET]}" onto public java.util.Map com.bp.act.controller.server.ProinstansServer.getProInsStartInfoByPid(java.lang.String)
2020-01-19 09:41:19.218  INFO 2659 --- [main] s.w.s.m.m.a.RequestMappingHandlerMapping : Mapped "{[/api/task/findStartTaskId/{userId}/{pid}],methods=[GET]}" onto public com.bp.act.bean.ReturnBean<java.lang.String> com.bp.act.controller.server.TaskServer.findStartTaskId(java.lang.Integer,java.lang.String)
2020-01-19 09:41:19.218  INFO 2659 --- [main] s.w.s.m.m.a.RequestMappingHandlerMapping : Mapped "{[/api/task/handleStartTask],methods=[POST]}" onto public com.bp.act.bean.ReturnBean com.bp.act.controller.server.TaskServer.handleStartTask(java.util.Map<java.lang.String, java.lang.Object>)
2020-01-19 09:41:19.220  INFO 2659 --- [main] s.w.s.m.m.a.RequestMappingHandlerMapping : Mapped "{[/error]}" onto public org.springframework.http.ResponseEntity<java.util.Map<java.lang.String, java.lang.Object>> org.springframework.boot.autoconfigure.web.servlet.error.BasicErrorController.error(javax.servlet.http.HttpServletRequest)
2020-01-19 09:41:19.221  INFO 2659 --- [main] s.w.s.m.m.a.RequestMappingHandlerMapping : Mapped "{[/error],produces=[text/html]}" onto public org.springframework.web.servlet.ModelAndView org.springframework.boot.autoconfigure.web.servlet.error.BasicErrorController.errorHtml(javax.servlet.http.HttpServletRequest,javax.servlet.http.HttpServletResponse)
2020-01-19 09:41:19.286  INFO 2659 --- [main] o.s.w.s.handler.SimpleUrlHandlerMapping  : Mapped URL path [/webjars/**] onto handler of type [class org.springframework.web.servlet.resource.ResourceHttpRequestHandler]
2020-01-19 09:41:19.287  INFO 2659 --- [main] o.s.w.s.handler.SimpleUrlHandlerMapping  : Mapped URL path [/**] onto handler of type [class org.springframework.web.servlet.resource.ResourceHttpRequestHandler]
2020-01-19 09:41:20.216  INFO 2659 --- [main] o.s.b.a.e.web.EndpointLinksResolver      : Exposing 2 endpoint(s) beneath base path '/actuator'
2020-01-19 09:41:20.228  INFO 2659 --- [main] s.b.a.e.w.s.WebMvcEndpointHandlerMapping : Mapped "{[/actuator/health],methods=[GET],produces=[application/vnd.spring-boot.actuator.v2+json || application/json]}" onto public java.lang.Object org.springframework.boot.actuate.endpoint.web.servlet.AbstractWebMvcEndpointHandlerMapping$OperationHandler.handle(javax.servlet.http.HttpServletRequest,java.util.Map<java.lang.String, java.lang.String>)
2020-01-19 09:41:20.229  INFO 2659 --- [main] s.b.a.e.w.s.WebMvcEndpointHandlerMapping : Mapped "{[/actuator/info],methods=[GET],produces=[application/vnd.spring-boot.actuator.v2+json || application/json]}" onto public java.lang.Object org.springframework.boot.actuate.endpoint.web.servlet.AbstractWebMvcEndpointHandlerMapping$OperationHandler.handle(javax.servlet.http.HttpServletRequest,java.util.Map<java.lang.String, java.lang.String>)
2020-01-19 09:41:20.229  INFO 2659 --- [main] s.b.a.e.w.s.WebMvcEndpointHandlerMapping : Mapped "{[/actuator],methods=[GET],produces=[application/vnd.spring-boot.actuator.v2+json || application/json]}" onto protected java.util.Map<java.lang.String, java.util.Map<java.lang.String, org.springframework.boot.actuate.endpoint.web.Link>> org.springframework.boot.actuate.endpoint.web.servlet.WebMvcEndpointHandlerMapping.links(javax.servlet.http.HttpServletRequest,javax.servlet.http.HttpServletResponse)
2020-01-19 09:41:20.299  INFO 2659 --- [main] o.s.j.e.a.AnnotationMBeanExporter        : Registering beans for JMX exposure on startup
2020-01-19 09:41:20.301  INFO 2659 --- [main] o.s.j.e.a.AnnotationMBeanExporter        : Bean with name 'dataSource' has been autodetected for JMX exposure
2020-01-19 09:41:20.307  INFO 2659 --- [main] o.s.j.e.a.AnnotationMBeanExporter        : Bean with name 'environmentManager' has been autodetected for JMX exposure
2020-01-19 09:41:20.309  INFO 2659 --- [main] o.s.j.e.a.AnnotationMBeanExporter        : Bean with name 'refreshScope' has been autodetected for JMX exposure
2020-01-19 09:41:20.309  INFO 2659 --- [main] o.s.j.e.a.AnnotationMBeanExporter        : Bean with name 'configurationPropertiesRebinder' has been autodetected for JMX exposure
2020-01-19 09:41:20.312  INFO 2659 --- [main] o.s.j.e.a.AnnotationMBeanExporter        : Located managed bean 'environmentManager': registering with JMX server as MBean [org.springframework.cloud.context.environment:name=environmentManager,type=EnvironmentManager]
2020-01-19 09:41:20.319  INFO 2659 --- [main] o.s.j.e.a.AnnotationMBeanExporter        : Located managed bean 'refreshScope': registering with JMX server as MBean [org.springframework.cloud.context.scope.refresh:name=refreshScope,type=RefreshScope]
2020-01-19 09:41:20.328  INFO 2659 --- [main] o.s.j.e.a.AnnotationMBeanExporter        : Located managed bean 'configurationPropertiesRebinder': registering with JMX server as MBean [org.springframework.cloud.context.properties:name=configurationPropertiesRebinder,context=e041f0c,type=ConfigurationPropertiesRebinder]
2020-01-19 09:41:20.334  INFO 2659 --- [main] o.s.j.e.a.AnnotationMBeanExporter        : Located MBean 'dataSource': registering with JMX server as MBean [com.alibaba.druid.pool:name=dataSource,type=DruidDataSource]
2020-01-19 09:41:20.339  INFO 2659 --- [main] o.s.c.support.DefaultLifecycleProcessor  : Starting beans in phase 0
2020-01-19 09:41:20.346  INFO 2659 --- [main] o.s.c.n.eureka.InstanceInfoFactory       : Setting initial instance status as: STARTING
2020-01-19 09:41:20.372  INFO 2659 --- [main] com.netflix.discovery.DiscoveryClient    : Initializing Eureka in region us-east-1
2020-01-19 09:41:20.577  INFO 2659 --- [main] c.n.d.provider.DiscoveryJerseyProvider   : Using JSON encoding codec LegacyJacksonJson
2020-01-19 09:41:20.578  INFO 2659 --- [main] c.n.d.provider.DiscoveryJerseyProvider   : Using JSON decoding codec LegacyJacksonJson
2020-01-19 09:41:20.919  INFO 2659 --- [main] c.n.d.provider.DiscoveryJerseyProvider   : Using XML encoding codec XStreamXml
2020-01-19 09:41:20.919  INFO 2659 --- [main] c.n.d.provider.DiscoveryJerseyProvider   : Using XML decoding codec XStreamXml
2020-01-19 09:41:21.159  INFO 2659 --- [main] c.n.d.s.r.aws.ConfigClusterResolver      : Resolving eureka endpoints via configuration
2020-01-19 09:41:21.176  INFO 2659 --- [main] com.netflix.discovery.DiscoveryClient    : Disable delta property : false
2020-01-19 09:41:21.176  INFO 2659 --- [main] com.netflix.discovery.DiscoveryClient    : Single vip registry refresh property : null
2020-01-19 09:41:21.176  INFO 2659 --- [main] com.netflix.discovery.DiscoveryClient    : Force full registry fetch : false
2020-01-19 09:41:21.176  INFO 2659 --- [main] com.netflix.discovery.DiscoveryClient    : Application is null : false
2020-01-19 09:41:21.176  INFO 2659 --- [main] com.netflix.discovery.DiscoveryClient    : Registered Applications size is zero : true
2020-01-19 09:41:21.176  INFO 2659 --- [main] com.netflix.discovery.DiscoveryClient    : Application version is -1: true
2020-01-19 09:41:21.176  INFO 2659 --- [main] com.netflix.discovery.DiscoveryClient    : Getting all instance registry info from the eureka server
2020-01-19 09:41:21.332  INFO 2659 --- [main] com.netflix.discovery.DiscoveryClient    : The response status is 200
2020-01-19 09:41:21.335  INFO 2659 --- [main] com.netflix.discovery.DiscoveryClient    : Starting heartbeat executor: renew interval is: 30
2020-01-19 09:41:21.337  INFO 2659 --- [main] c.n.discovery.InstanceInfoReplicator     : InstanceInfoReplicator onDemand update allowed rate per min is 4
2020-01-19 09:41:21.340  INFO 2659 --- [main] com.netflix.discovery.DiscoveryClient    : Discovery Client initialized at timestamp 1579398081339 with initial instances count: 46
2020-01-19 09:41:21.350  INFO 2659 --- [main] o.s.c.n.e.s.EurekaServiceRegistry        : Registering application act with eureka with status UP
2020-01-19 09:41:21.350  INFO 2659 --- [main] com.netflix.discovery.DiscoveryClient    : Saw local status change event StatusChangeEvent [timestamp=1579398081350, current=UP, previous=STARTING]
2020-01-19 09:41:21.352  INFO 2659 --- [DiscoveryClient-InstanceInfoReplicator-0] com.netflix.discovery.DiscoveryClient    : DiscoveryClient_ACT/192.168.1.119: registering service...
2020-01-19 09:41:21.403  INFO 2659 --- [DiscoveryClient-InstanceInfoReplicator-0] com.netflix.discovery.DiscoveryClient    : DiscoveryClient_ACT/192.168.1.119 - registration status: 204
2020-01-19 09:41:21.442  INFO 2659 --- [main] o.s.b.w.embedded.tomcat.TomcatWebServer  : Tomcat started on port(s): 9012 (http) with context path ''
2020-01-19 09:41:21.443  INFO 2659 --- [main] .s.c.n.e.s.EurekaAutoServiceRegistration : Updating port to 9012
2020-01-19 09:41:21.448  INFO 2659 --- [main] com.bp.act.ActApplication                : Started ActApplication in 11.2 seconds (JVM running for 12.069)
2020-01-19 09:41:21.560  INFO 2659 --- [RMI TCP Connection(1)-127.0.0.1] o.a.c.c.C.[Tomcat].[localhost].[/]       : Initializing Spring FrameworkServlet 'dispatcherServlet'
2020-01-19 09:41:21.560  INFO 2659 --- [RMI TCP Connection(1)-127.0.0.1] o.s.web.servlet.DispatcherServlet        : FrameworkServlet 'dispatcherServlet': initialization started
2020-01-19 09:41:21.581  INFO 2659 --- [RMI TCP Connection(1)-127.0.0.1] o.s.web.servlet.DispatcherServlet        : FrameworkServlet 'dispatcherServlet': initialization completed in 21 ms
2020-01-19 09:46:21.178  INFO 2659 --- [AsyncResolver-bootstrap-executor-0] c.n.d.s.r.aws.ConfigClusterResolver      : Resolving eureka endpoints via configuration
2020-01-19 09:51:21.187  INFO 2659 --- [AsyncResolver-bootstrap-executor-0] c.n.d.s.r.aws.ConfigClusterResolver      : Resolving eureka endpoints via configuration
2020-01-19 09:54:44.771  WARN 2659 --- [http-nio-9012-exec-1] o.s.b.a.s.o.r.UserInfoTokenServices      : Could not fetch user details: class org.springframework.security.oauth2.client.resource.UserRedirectRequiredException, A redirect is required to get the users approval
2020-01-19 09:56:21.192  INFO 2659 --- [AsyncResolver-bootstrap-executor-0] c.n.d.s.r.aws.ConfigClusterResolver      : Resolving eureka endpoints via configuration
2020-01-19 09:59:39.210 DEBUG 2659 --- [http-nio-9012-exec-4] b.a.m.P.selectListDefinedProdefListCount : ==>  Preparing: SELECT COUNT(*) FROM ( SELECT a.ID_ AS id, a.REV_ AS rev, a.CATEGORY_, a.NAME_ AS `name`, a.KEY_ AS `key`, a.VERSION_ AS version, a.DEPLOYMENT_ID_ AS deployment_id, a.RESOURCE_NAME_ AS xml, a.DGRM_RESOURCE_NAME_ AS png, a.DESCRIPTION_, a.HAS_START_FORM_KEY_, a.SUSPENSION_STATE_, a.TENANT_ID_, c.LAST_UPDATE_TIME_ AS times FROM act_re_procdef a LEFT JOIN act_re_model c ON a.KEY_ = c.KEY_ RIGHT JOIN (SELECT key_, MAX(VERSION_) vv FROM act_re_procdef GROUP BY key_) b ON a.key_ = b.key_ AND a.version_ = b.vv LEFT JOIN act_is_defined d ON d.key_ = a.KEY_ where 1=1 ) t 
2020-01-19 09:59:39.221 DEBUG 2659 --- [http-nio-9012-exec-4] b.a.m.P.selectListDefinedProdefListCount : ==> Parameters: 
2020-01-19 09:59:39.241 DEBUG 2659 --- [http-nio-9012-exec-4] b.a.m.P.selectListDefinedProdefListCount : <==      Total: 1
2020-01-19 09:59:39.242 DEBUG 2659 --- [http-nio-9012-exec-4] c.b.a.m.P.selectListDefinedProdefList    : ==>  Preparing: SELECT a.ID_ AS id, a.REV_ AS rev, a.CATEGORY_, a.NAME_ AS `name`, a.KEY_ AS `key`, a.VERSION_ AS version, a.DEPLOYMENT_ID_ AS deployment_id, a.RESOURCE_NAME_ AS xml, a.DGRM_RESOURCE_NAME_ AS png, a.DESCRIPTION_, a.HAS_START_FORM_KEY_, a.SUSPENSION_STATE_, a.TENANT_ID_, c.LAST_UPDATE_TIME_ AS times FROM act_re_procdef a LEFT JOIN act_re_model c ON a.KEY_ = c.KEY_ RIGHT JOIN (SELECT key_, MAX(VERSION_) vv FROM act_re_procdef GROUP BY key_) b ON a.key_ = b.key_ AND a.version_ = b.vv LEFT JOIN act_is_defined d ON d.key_ = a.KEY_ where 1=1 
2020-01-19 09:59:39.242 DEBUG 2659 --- [http-nio-9012-exec-4] c.b.a.m.P.selectListDefinedProdefList    : ==> Parameters: 
2020-01-19 09:59:39.257 DEBUG 2659 --- [http-nio-9012-exec-4] c.b.a.m.P.selectListDefinedProdefList    : <==      Total: 69
2020-01-19 09:59:39.598 DEBUG 2659 --- [http-nio-9012-exec-5] c.b.a.m.A.selectListAll_COUNT            : ==>  Preparing: SELECT count(0) FROM act_finish_task WHERE 1 = 1 AND act_user_id = ? 
2020-01-19 09:59:39.599 DEBUG 2659 --- [http-nio-9012-exec-5] c.b.a.m.A.selectListAll_COUNT            : ==> Parameters: 1(Integer)
2020-01-19 09:59:39.617 DEBUG 2659 --- [http-nio-9012-exec-5] c.b.a.m.A.selectListAll_COUNT            : <==      Total: 1
2020-01-19 09:59:39.621 DEBUG 2659 --- [http-nio-9012-exec-5] c.b.a.m.A.selectListAll                  : ==>  Preparing: select * from act_finish_task where 1=1 AND act_user_id=? order by end_time desc LIMIT ? 
2020-01-19 09:59:39.621 DEBUG 2659 --- [http-nio-9012-exec-5] c.b.a.m.A.selectListAll                  : ==> Parameters: 1(Integer), 10(Integer)
2020-01-19 09:59:39.650 DEBUG 2659 --- [http-nio-9012-exec-5] c.b.a.m.A.selectListAll                  : <==      Total: 10
2020-01-19 09:59:40.258 DEBUG 2659 --- [http-nio-9012-exec-6] b.a.m.P.selectListDefinedProdefListCount : ==>  Preparing: SELECT COUNT(*) FROM ( SELECT a.ID_ AS id, a.REV_ AS rev, a.CATEGORY_, a.NAME_ AS `name`, a.KEY_ AS `key`, a.VERSION_ AS version, a.DEPLOYMENT_ID_ AS deployment_id, a.RESOURCE_NAME_ AS xml, a.DGRM_RESOURCE_NAME_ AS png, a.DESCRIPTION_, a.HAS_START_FORM_KEY_, a.SUSPENSION_STATE_, a.TENANT_ID_, c.LAST_UPDATE_TIME_ AS times FROM act_re_procdef a LEFT JOIN act_re_model c ON a.KEY_ = c.KEY_ RIGHT JOIN (SELECT key_, MAX(VERSION_) vv FROM act_re_procdef GROUP BY key_) b ON a.key_ = b.key_ AND a.version_ = b.vv LEFT JOIN act_is_defined d ON d.key_ = a.KEY_ where 1=1 ) t 
2020-01-19 09:59:40.258 DEBUG 2659 --- [http-nio-9012-exec-6] b.a.m.P.selectListDefinedProdefListCount : ==> Parameters: 
2020-01-19 09:59:40.266 DEBUG 2659 --- [http-nio-9012-exec-6] b.a.m.P.selectListDefinedProdefListCount : <==      Total: 1
2020-01-19 09:59:40.267 DEBUG 2659 --- [http-nio-9012-exec-6] c.b.a.m.P.selectListDefinedProdefList    : ==>  Preparing: SELECT a.ID_ AS id, a.REV_ AS rev, a.CATEGORY_, a.NAME_ AS `name`, a.KEY_ AS `key`, a.VERSION_ AS version, a.DEPLOYMENT_ID_ AS deployment_id, a.RESOURCE_NAME_ AS xml, a.DGRM_RESOURCE_NAME_ AS png, a.DESCRIPTION_, a.HAS_START_FORM_KEY_, a.SUSPENSION_STATE_, a.TENANT_ID_, c.LAST_UPDATE_TIME_ AS times FROM act_re_procdef a LEFT JOIN act_re_model c ON a.KEY_ = c.KEY_ RIGHT JOIN (SELECT key_, MAX(VERSION_) vv FROM act_re_procdef GROUP BY key_) b ON a.key_ = b.key_ AND a.version_ = b.vv LEFT JOIN act_is_defined d ON d.key_ = a.KEY_ where 1=1 
2020-01-19 09:59:40.268 DEBUG 2659 --- [http-nio-9012-exec-6] c.b.a.m.P.selectListDefinedProdefList    : ==> Parameters: 
2020-01-19 09:59:40.281 DEBUG 2659 --- [http-nio-9012-exec-6] c.b.a.m.P.selectListDefinedProdefList    : <==      Total: 69
2020-01-19 10:01:21.194  INFO 2659 --- [AsyncResolver-bootstrap-executor-0] c.n.d.s.r.aws.ConfigClusterResolver      : Resolving eureka endpoints via configuration
2020-01-19 10:06:21.198  INFO 2659 --- [AsyncResolver-bootstrap-executor-0] c.n.d.s.r.aws.ConfigClusterResolver      : Resolving eureka endpoints via configuration
2020-01-19 10:11:21.198  INFO 2659 --- [AsyncResolver-bootstrap-executor-0] c.n.d.s.r.aws.ConfigClusterResolver      : Resolving eureka endpoints via configuration
2020-01-19 10:16:21.203  INFO 2659 --- [AsyncResolver-bootstrap-executor-0] c.n.d.s.r.aws.ConfigClusterResolver      : Resolving eureka endpoints via configuration
2020-01-19 10:21:21.206  INFO 2659 --- [AsyncResolver-bootstrap-executor-0] c.n.d.s.r.aws.ConfigClusterResolver      : Resolving eureka endpoints via configuration
2020-01-19 10:26:21.207  INFO 2659 --- [AsyncResolver-bootstrap-executor-0] c.n.d.s.r.aws.ConfigClusterResolver      : Resolving eureka endpoints via configuration
2020-01-19 10:31:21.207  INFO 2659 --- [AsyncResolver-bootstrap-executor-0] c.n.d.s.r.aws.ConfigClusterResolver      : Resolving eureka endpoints via configuration
2020-01-19 10:36:21.209  INFO 2659 --- [AsyncResolver-bootstrap-executor-0] c.n.d.s.r.aws.ConfigClusterResolver      : Resolving eureka endpoints via configuration
2020-01-19 10:41:21.212  INFO 2659 --- [AsyncResolver-bootstrap-executor-0] c.n.d.s.r.aws.ConfigClusterResolver      : Resolving eureka endpoints via configuration
2020-01-19 10:46:21.214  INFO 2659 --- [AsyncResolver-bootstrap-executor-0] c.n.d.s.r.aws.ConfigClusterResolver      : Resolving eureka endpoints via configuration
2020-01-19 10:51:21.215  INFO 2659 --- [AsyncResolver-bootstrap-executor-0] c.n.d.s.r.aws.ConfigClusterResolver      : Resolving eureka endpoints via configuration
2020-01-19 10:54:21.060  WARN 2659 --- [http-nio-9012-exec-1] o.s.b.a.s.o.r.UserInfoTokenServices      : Could not fetch user details: class java.lang.IllegalArgumentException, URI is not absolute
2020-01-19 10:56:21.219  INFO 2659 --- [AsyncResolver-bootstrap-executor-0] c.n.d.s.r.aws.ConfigClusterResolver      : Resolving eureka endpoints via configuration
2020-01-19 11:01:21.222  INFO 2659 --- [AsyncResolver-bootstrap-executor-0] c.n.d.s.r.aws.ConfigClusterResolver      : Resolving eureka endpoints via configuration
2020-01-19 11:06:21.228  INFO 2659 --- [AsyncResolver-bootstrap-executor-0] c.n.d.s.r.aws.ConfigClusterResolver      : Resolving eureka endpoints via configuration
2020-01-19 11:11:21.233  INFO 2659 --- [AsyncResolver-bootstrap-executor-0] c.n.d.s.r.aws.ConfigClusterResolver      : Resolving eureka endpoints via configuration
2020-01-19 11:16:21.236  INFO 2659 --- [AsyncResolver-bootstrap-executor-0] c.n.d.s.r.aws.ConfigClusterResolver      : Resolving eureka endpoints via configuration
2020-01-19 11:21:21.237  INFO 2659 --- [AsyncResolver-bootstrap-executor-0] c.n.d.s.r.aws.ConfigClusterResolver      : Resolving eureka endpoints via configuration
2020-01-19 11:26:21.242  INFO 2659 --- [AsyncResolver-bootstrap-executor-0] c.n.d.s.r.aws.ConfigClusterResolver      : Resolving eureka endpoints via configuration
2020-01-19 11:31:21.247  INFO 2659 --- [AsyncResolver-bootstrap-executor-0] c.n.d.s.r.aws.ConfigClusterResolver      : Resolving eureka endpoints via configuration
2020-01-19 11:36:21.247  INFO 2659 --- [AsyncResolver-bootstrap-executor-0] c.n.d.s.r.aws.ConfigClusterResolver      : Resolving eureka endpoints via configuration
2020-01-19 11:41:21.250  INFO 2659 --- [AsyncResolver-bootstrap-executor-0] c.n.d.s.r.aws.ConfigClusterResolver      : Resolving eureka endpoints via configuration
2020-01-19 11:46:21.258  INFO 2659 --- [AsyncResolver-bootstrap-executor-0] c.n.d.s.r.aws.ConfigClusterResolver      : Resolving eureka endpoints via configuration
2020-01-19 11:51:21.263  INFO 2659 --- [AsyncResolver-bootstrap-executor-0] c.n.d.s.r.aws.ConfigClusterResolver      : Resolving eureka endpoints via configuration
2020-01-19 11:56:21.270  INFO 2659 --- [AsyncResolver-bootstrap-executor-0] c.n.d.s.r.aws.ConfigClusterResolver      : Resolving eureka endpoints via configuration
2020-01-19 12:01:21.275  INFO 2659 --- [AsyncResolver-bootstrap-executor-0] c.n.d.s.r.aws.ConfigClusterResolver      : Resolving eureka endpoints via configuration
2020-01-19 12:06:21.275  INFO 2659 --- [AsyncResolver-bootstrap-executor-0] c.n.d.s.r.aws.ConfigClusterResolver      : Resolving eureka endpoints via configuration
2020-01-19 12:11:21.281  INFO 2659 --- [AsyncResolver-bootstrap-executor-0] c.n.d.s.r.aws.ConfigClusterResolver      : Resolving eureka endpoints via configuration
2020-01-19 12:16:21.286  INFO 2659 --- [AsyncResolver-bootstrap-executor-0] c.n.d.s.r.aws.ConfigClusterResolver      : Resolving eureka endpoints via configuration
2020-01-19 12:21:21.294  INFO 2659 --- [AsyncResolver-bootstrap-executor-0] c.n.d.s.r.aws.ConfigClusterResolver      : Resolving eureka endpoints via configuration
2020-01-19 12:26:21.299  INFO 2659 --- [AsyncResolver-bootstrap-executor-0] c.n.d.s.r.aws.ConfigClusterResolver      : Resolving eureka endpoints via configuration
2020-01-19 12:31:21.308  INFO 2659 --- [AsyncResolver-bootstrap-executor-0] c.n.d.s.r.aws.ConfigClusterResolver      : Resolving eureka endpoints via configuration
2020-01-19 12:36:21.309  INFO 2659 --- [AsyncResolver-bootstrap-executor-0] c.n.d.s.r.aws.ConfigClusterResolver      : Resolving eureka endpoints via configuration
2020-01-19 12:41:21.317  INFO 2659 --- [AsyncResolver-bootstrap-executor-0] c.n.d.s.r.aws.ConfigClusterResolver      : Resolving eureka endpoints via configuration
2020-01-19 12:46:21.319  INFO 2659 --- [AsyncResolver-bootstrap-executor-0] c.n.d.s.r.aws.ConfigClusterResolver      : Resolving eureka endpoints via configuration
2020-01-19 12:51:21.329  INFO 2659 --- [AsyncResolver-bootstrap-executor-0] c.n.d.s.r.aws.ConfigClusterResolver      : Resolving eureka endpoints via configuration
2020-01-19 12:56:21.334  INFO 2659 --- [AsyncResolver-bootstrap-executor-0] c.n.d.s.r.aws.ConfigClusterResolver      : Resolving eureka endpoints via configuration
2020-01-19 13:01:21.342  INFO 2659 --- [AsyncResolver-bootstrap-executor-0] c.n.d.s.r.aws.ConfigClusterResolver      : Resolving eureka endpoints via configuration
2020-01-19 13:06:21.353  INFO 2659 --- [AsyncResolver-bootstrap-executor-0] c.n.d.s.r.aws.ConfigClusterResolver      : Resolving eureka endpoints via configuration
2020-01-19 13:11:21.366  INFO 2659 --- [AsyncResolver-bootstrap-executor-0] c.n.d.s.r.aws.ConfigClusterResolver      : Resolving eureka endpoints via configuration
2020-01-19 13:16:21.381  INFO 2659 --- [AsyncResolver-bootstrap-executor-0] c.n.d.s.r.aws.ConfigClusterResolver      : Resolving eureka endpoints via configuration
2020-01-19 13:21:21.385  INFO 2659 --- [AsyncResolver-bootstrap-executor-0] c.n.d.s.r.aws.ConfigClusterResolver      : Resolving eureka endpoints via configuration
2020-01-19 13:26:21.394  INFO 2659 --- [AsyncResolver-bootstrap-executor-0] c.n.d.s.r.aws.ConfigClusterResolver      : Resolving eureka endpoints via configuration
